-------------------------------------------------------------------------------
Test set: edu.northeastern.ccs.im.PrintNetNBTest
-------------------------------------------------------------------------------
<<<<<<< HEAD
Tests run: 1, Failures: 0, Errors: 0, Skipped: 0, Time elapsed: 0.972 s - in edu.northeastern.ccs.im.PrintNetNBTest
=======
<<<<<<< HEAD
Tests run: 2, Failures: 0, Errors: 0, Skipped: 0, Time elapsed: 0.877 s - in edu.northeastern.ccs.im.PrintNetNBTest
=======
Tests run: 1, Failures: 0, Errors: 0, Skipped: 0, Time elapsed: 0.966 s - in edu.northeastern.ccs.im.PrintNetNBTest
>>>>>>> clientRunnableBranch
>>>>>>> master
