-------------------------------------------------------------------------------
Test set: edu.northeastern.ccs.im.server.PrattleDBTest
-------------------------------------------------------------------------------
<<<<<<< HEAD
Tests run: 1, Failures: 0, Errors: 0, Skipped: 0, Time elapsed: 0.174 s - in edu.northeastern.ccs.im.server.PrattleDBTest
=======
<<<<<<< HEAD
Tests run: 1, Failures: 0, Errors: 0, Skipped: 0, Time elapsed: 0 s - in edu.northeastern.ccs.im.server.PrattleDBTest
=======
Tests run: 1, Failures: 0, Errors: 0, Skipped: 0, Time elapsed: 0.023 s - in edu.northeastern.ccs.im.server.PrattleDBTest
>>>>>>> clientRunnableBranch
>>>>>>> master
