-------------------------------------------------------------------------------
Test set: edu.northeastern.ccs.im.MessageTest
-------------------------------------------------------------------------------
<<<<<<< HEAD
Tests run: 1, Failures: 0, Errors: 0, Skipped: 0, Time elapsed: 0.043 s - in edu.northeastern.ccs.im.MessageTest
=======
<<<<<<< HEAD
Tests run: 14, Failures: 0, Errors: 0, Skipped: 0, Time elapsed: 0.073 s - in edu.northeastern.ccs.im.MessageTest
=======
Tests run: 1, Failures: 0, Errors: 0, Skipped: 0, Time elapsed: 0.045 s - in edu.northeastern.ccs.im.MessageTest
>>>>>>> clientRunnableBranch
>>>>>>> master
